# JRE version: Java(TM) SE Runtime Environment (8.0_191-b12) (build 1.8.0_191-b12)
# Java VM: Java HotSpot(TM) 64-Bit Server VM (25.191-b12 mixed mode linux-amd64 compressed oops)
Heap:
 PSYoungGen      total 90624K, used 0K [0x00000000e0000000, 0x00000000e8800000, 0x0000000100000000)
  eden space 76800K, 0% used [0x00000000e0000000,0x00000000e0000000,0x00000000e4b00000)
  from space 13824K, 0% used [0x00000000e4b00000,0x00000000e4b00000,0x00000000e5880000)
  to   space 17408K, 0% used [0x00000000e7700000,0x00000000e7700000,0x00000000e8800000)
 ParOldGen       total 65536K, used 33265K [0x00000000a0000000, 0x00000000a4000000, 0x00000000e0000000)
  object space 65536K, 50% used [0x00000000a0000000,0x00000000a207c548,0x00000000a4000000)
 Metaspace       used 53995K, capacity 58913K, committed 59028K, reserved 1101824K
  class space    used 7406K, capacity 7695K, committed 7808K, reserved 1048576K
GC Heap History (10 events):
Event: 9.245 GC heap after
Heap after GC invocations=7 (full 1):
 PSYoungGen      total 58368K, used 3667K [0x00000000e0000000, 0x00000000e6580000, 0x0000000100000000)
  eden space 49152K, 0% used [0x00000000e0000000,0x00000000e0000000,0x00000000e3000000)
  from space 9216K, 39% used [0x00000000e3900000,0x00000000e3c94fb8,0x00000000e4200000)
  to   space 9216K, 0% used [0x00000000e3000000,0x00000000e3000000,0x00000000e3900000)
 ParOldGen       total 50176K, used 13875K [0x00000000a0000000, 0x00000000a3100000, 0x00000000e0000000)
  object space 50176K, 27% used [0x00000000a0000000,0x00000000a0d8cf60,0x00000000a3100000)
 Metaspace       used 33755K, capacity 35360K, committed 35416K, reserved 1079296K
  class space    used 4840K, capacity 5064K, committed 5120K, reserved 1048576K
}
Event: 9.245 GC heap before
{Heap before GC invocations=8 (full 2):
 PSYoungGen      total 58368K, used 3667K [0x00000000e0000000, 0x00000000e6580000, 0x0000000100000000)
  eden space 49152K, 0% used [0x00000000e0000000,0x00000000e0000000,0x00000000e3000000)
  from space 9216K, 39% used [0x00000000e3900000,0x00000000e3c94fb8,0x00000000e4200000)
  to   space 9216K, 0% used [0x00000000e3000000,0x00000000e3000000,0x00000000e3900000)
 ParOldGen       total 50176K, used 13875K [0x00000000a0000000, 0x00000000a3100000, 0x00000000e0000000)
  object space 50176K, 27% used [0x00000000a0000000,0x00000000a0d8cf60,0x00000000a3100000)
 Metaspace       used 33755K, capacity 35360K, committed 35416K, reserved 1079296K
  class space    used 4840K, capacity 5064K, committed 5120K, reserved 1048576K
Event: 9.307 GC heap after
Heap after GC invocations=8 (full 2):
 PSYoungGen      total 58368K, used 0K [0x00000000e0000000, 0x00000000e6580000, 0x0000000100000000)
  eden space 49152K, 0% used [0x00000000e0000000,0x00000000e0000000,0x00000000e3000000)
  from space 9216K, 0% used [0x00000000e3900000,0x00000000e3900000,0x00000000e4200000)
  to   space 9216K, 0% used [0x00000000e3000000,0x00000000e3000000,0x00000000e3900000)
 ParOldGen       total 65536K, used 10388K [0x00000000a0000000, 0x00000000a4000000, 0x00000000e0000000)
  object space 65536K, 15% used [0x00000000a0000000,0x00000000a0a25370,0x00000000a4000000)
 Metaspace       used 33755K, capacity 35360K, committed 35416K, reserved 1079296K
  class space    used 4840K, capacity 5064K, committed 5120K, reserved 1048576K
}
Event: 10.906 GC heap before
{Heap before GC invocations=9 (full 2):
 PSYoungGen      total 58368K, used 49152K [0x00000000e0000000, 0x00000000e6580000, 0x0000000100000000)
  eden space 49152K, 100% used [0x00000000e0000000,0x00000000e3000000,0x00000000e3000000)
  from space 9216K, 0% used [0x00000000e3900000,0x00000000e3900000,0x00000000e4200000)
  to   space 9216K, 0% used [0x00000000e3000000,0x00000000e3000000,0x00000000e3900000)
 ParOldGen       total 65536K, used 10388K [0x00000000a0000000, 0x00000000a4000000, 0x00000000e0000000)
  object space 65536K, 15% used [0x00000000a0000000,0x00000000a0a25370,0x00000000a4000000)
 Metaspace       used 39805K, capacity 42444K, committed 42624K, reserved 1085440K
  class space    used 5654K, capacity 5903K, committed 6016K, reserved 1048576K
Event: 10.910 GC heap after
Heap after GC invocations=9 (full 2):
 PSYoungGen      total 58368K, used 5606K [0x00000000e0000000, 0x00000000e6180000, 0x0000000100000000)
  eden space 49152K, 0% used [0x00000000e0000000,0x00000000e0000000,0x00000000e3000000)
  from space 9216K, 60% used [0x00000000e3000000,0x00000000e3579af0,0x00000000e3900000)
  to   space 9216K, 0% used [0x00000000e5880000,0x00000000e5880000,0x00000000e6180000)
 ParOldGen       total 65536K, used 10396K [0x00000000a0000000, 0x00000000a4000000, 0x00000000e0000000)
  object space 65536K, 15% used [0x00000000a0000000,0x00000000a0a27370,0x00000000a4000000)
 Metaspace       used 39805K, capacity 42444K, committed 42624K, reserved 1085440K
  class space    used 5654K, capacity 5903K, committed 6016K, reserved 1048576K
}
Event: 12.200 GC heap before
{Heap before GC invocations=10 (full 2):
 PSYoungGen      total 58368K, used 54758K [0x00000000e0000000, 0x00000000e6180000, 0x0000000100000000)
  eden space 49152K, 100% used [0x00000000e0000000,0x00000000e3000000,0x00000000e3000000)
  from space 9216K, 60% used [0x00000000e3000000,0x00000000e3579af0,0x00000000e3900000)
  to   space 9216K, 0% used [0x00000000e5880000,0x00000000e5880000,0x00000000e6180000)
 ParOldGen       total 65536K, used 10396K [0x00000000a0000000, 0x00000000a4000000, 0x00000000e0000000)
  object space 65536K, 15% used [0x00000000a0000000,0x00000000a0a27370,0x00000000a4000000)
 Metaspace       used 45319K, capacity 48321K, committed 48512K, reserved 1091584K
  class space    used 6266K, capacity 6514K, committed 6528K, reserved 1048576K
Event: 12.227 GC heap after
Heap after GC invocations=10 (full 2):
 PSYoungGen      total 86016K, used 9203K [0x00000000e0000000, 0x00000000e6a00000, 0x0000000100000000)
  eden space 76800K, 0% used [0x00000000e0000000,0x00000000e0000000,0x00000000e4b00000)
  from space 9216K, 99% used [0x00000000e5880000,0x00000000e617ce00,0x00000000e6180000)
  to   space 13824K, 0% used [0x00000000e4b00000,0x00000000e4b00000,0x00000000e5880000)
 ParOldGen       total 65536K, used 19133K [0x00000000a0000000, 0x00000000a4000000, 0x00000000e0000000)
  object space 65536K, 29% used [0x00000000a0000000,0x00000000a12af5b0,0x00000000a4000000)
 Metaspace       used 45319K, capacity 48321K, committed 48512K, reserved 1091584K
  class space    used 6266K, capacity 6514K, committed 6528K, reserved 1048576K
}
Event: 18.452 GC heap before
{Heap before GC invocations=11 (full 2):
 PSYoungGen      total 86016K, used 65015K [0x00000000e0000000, 0x00000000e6a00000, 0x0000000100000000)
  eden space 76800K, 72% used [0x00000000e0000000,0x00000000e3681188,0x00000000e4b00000)
  from space 9216K, 99% used [0x00000000e5880000,0x00000000e617ce00,0x00000000e6180000)
  to   space 13824K, 0% used [0x00000000e4b00000,0x00000000e4b00000,0x00000000e5880000)
 ParOldGen       total 65536K, used 19133K [0x00000000a0000000, 0x00000000a4000000, 0x00000000e0000000)
  object space 65536K, 29% used [0x00000000a0000000,0x00000000a12af5b0,0x00000000a4000000)
 Metaspace       used 53995K, capacity 58913K, committed 59028K, reserved 1101824K
  class space    used 7406K, capacity 7695K, committed 7808K, reserved 1048576K
Event: 18.738 GC heap after
Heap after GC invocations=11 (full 2):
 PSYoungGen      total 90624K, used 13792K [0x00000000e0000000, 0x00000000e8800000, 0x0000000100000000)
  eden space 76800K, 0% used [0x00000000e0000000,0x00000000e0000000,0x00000000e4b00000)
  from space 13824K, 99% used [0x00000000e4b00000,0x00000000e5878308,0x00000000e5880000)
  to   space 17408K, 0% used [0x00000000e7700000,0x00000000e7700000,0x00000000e8800000)
 ParOldGen       total 65536K, used 23253K [0x00000000a0000000, 0x00000000a4000000, 0x00000000e0000000)
  object space 65536K, 35% used [0x00000000a0000000,0x00000000a16b56c8,0x00000000a4000000)
 Metaspace       used 53995K, capacity 58913K, committed 59028K, reserved 1101824K
  class space    used 7406K, capacity 7695K, committed 7808K, reserved 1048576K
}
Event: 18.776 GC heap before
{Heap before GC invocations=12 (full 3):
 PSYoungGen      total 90624K, used 13792K [0x00000000e0000000, 0x00000000e8800000, 0x0000000100000000)
  eden space 76800K, 0% used [0x00000000e0000000,0x00000000e0000000,0x00000000e4b00000)
  from space 13824K, 99% used [0x00000000e4b00000,0x00000000e5878308,0x00000000e5880000)
  to   space 17408K, 0% used [0x00000000e7700000,0x00000000e7700000,0x00000000e8800000)
 ParOldGen       total 65536K, used 23253K [0x00000000a0000000, 0x00000000a4000000, 0x00000000e0000000)
  object space 65536K, 35% used [0x00000000a0000000,0x00000000a16b56c8,0x00000000a4000000)
 Metaspace       used 53995K, capacity 58913K, committed 59028K, reserved 1101824K
  class space    used 7406K, capacity 7695K, committed 7808K, reserved 1048576K

