# JRE version: Java(TM) SE Runtime Environment (8.0_191-b12) (build 1.8.0_191-b12)
# Java VM: Java HotSpot(TM) 64-Bit Server VM (25.191-b12 mixed mode linux-amd64 compressed oops)
Heap:
 PSYoungGen      total 122880K, used 6102K [0x00000000e0000000, 0x00000000e8980000, 0x0000000100000000)
  eden space 104960K, 0% used [0x00000000e0000000,0x00000000e0000000,0x00000000e6680000)
  from space 17920K, 34% used [0x00000000e6680000,0x00000000e6c759a0,0x00000000e7800000)
  to   space 13312K, 0% used [0x00000000e7c80000,0x00000000e7c80000,0x00000000e8980000)
 ParOldGen       total 101888K, used 36721K [0x00000000a0000000, 0x00000000a6380000, 0x00000000e0000000)
  object space 101888K, 36% used [0x00000000a0000000,0x00000000a23dc4e8,0x00000000a6380000)
 Metaspace       used 64407K, capacity 71621K, committed 71808K, reserved 1112064K
  class space    used 9087K, capacity 9514K, committed 9600K, reserved 1048576K
GC Heap History (10 events):
Event: 4.630 GC heap after
Heap after GC invocations=9 (full 2):
 PSYoungGen      total 58368K, used 6382K [0x00000000e0000000, 0x00000000e6500000, 0x0000000100000000)
  eden space 49152K, 0% used [0x00000000e0000000,0x00000000e0000000,0x00000000e3000000)
  from space 9216K, 69% used [0x00000000e3000000,0x00000000e363bac8,0x00000000e3900000)
  to   space 9216K, 0% used [0x00000000e5c00000,0x00000000e5c00000,0x00000000e6500000)
 ParOldGen       total 63488K, used 10367K [0x00000000a0000000, 0x00000000a3e00000, 0x00000000e0000000)
  object space 63488K, 16% used [0x00000000a0000000,0x00000000a0a1fcb8,0x00000000a3e00000)
 Metaspace       used 40696K, capacity 43448K, committed 43520K, reserved 1087488K
  class space    used 5879K, capacity 6084K, committed 6144K, reserved 1048576K
}
Event: 5.070 GC heap before
{Heap before GC invocations=10 (full 2):
 PSYoungGen      total 58368K, used 55534K [0x00000000e0000000, 0x00000000e6500000, 0x0000000100000000)
  eden space 49152K, 100% used [0x00000000e0000000,0x00000000e3000000,0x00000000e3000000)
  from space 9216K, 69% used [0x00000000e3000000,0x00000000e363bac8,0x00000000e3900000)
  to   space 9216K, 0% used [0x00000000e5c00000,0x00000000e5c00000,0x00000000e6500000)
 ParOldGen       total 63488K, used 10367K [0x00000000a0000000, 0x00000000a3e00000, 0x00000000e0000000)
  object space 63488K, 16% used [0x00000000a0000000,0x00000000a0a1fcb8,0x00000000a3e00000)
 Metaspace       used 45056K, capacity 48109K, committed 48384K, reserved 1091584K
  class space    used 6294K, capacity 6533K, committed 6656K, reserved 1048576K
Event: 5.084 GC heap after
Heap after GC invocations=10 (full 2):
 PSYoungGen      total 88576K, used 9187K [0x00000000e0000000, 0x00000000e6e80000, 0x0000000100000000)
  eden space 79360K, 0% used [0x00000000e0000000,0x00000000e0000000,0x00000000e4d80000)
  from space 9216K, 99% used [0x00000000e5c00000,0x00000000e64f8dd0,0x00000000e6500000)
  to   space 14848K, 0% used [0x00000000e4d80000,0x00000000e4d80000,0x00000000e5c00000)
 ParOldGen       total 63488K, used 21306K [0x00000000a0000000, 0x00000000a3e00000, 0x00000000e0000000)
  object space 63488K, 33% used [0x00000000a0000000,0x00000000a14cebb8,0x00000000a3e00000)
 Metaspace       used 45056K, capacity 48109K, committed 48384K, reserved 1091584K
  class space    used 6294K, capacity 6533K, committed 6656K, reserved 1048576K
}
Event: 6.126 GC heap before
{Heap before GC invocations=11 (full 2):
 PSYoungGen      total 88576K, used 53748K [0x00000000e0000000, 0x00000000e6e80000, 0x0000000100000000)
  eden space 79360K, 56% used [0x00000000e0000000,0x00000000e2b84608,0x00000000e4d80000)
  from space 9216K, 99% used [0x00000000e5c00000,0x00000000e64f8dd0,0x00000000e6500000)
  to   space 14848K, 0% used [0x00000000e4d80000,0x00000000e4d80000,0x00000000e5c00000)
 ParOldGen       total 63488K, used 21306K [0x00000000a0000000, 0x00000000a3e00000, 0x00000000e0000000)
  object space 63488K, 33% used [0x00000000a0000000,0x00000000a14cebb8,0x00000000a3e00000)
 Metaspace       used 53420K, capacity 58921K, committed 59028K, reserved 1099776K
  class space    used 7544K, capacity 7831K, committed 7936K, reserved 1048576K
Event: 6.139 GC heap after
Heap after GC invocations=11 (full 2):
 PSYoungGen      total 94208K, used 14816K [0x00000000e0000000, 0x00000000e8d00000, 0x0000000100000000)
  eden space 79360K, 0% used [0x00000000e0000000,0x00000000e0000000,0x00000000e4d80000)
  from space 14848K, 99% used [0x00000000e4d80000,0x00000000e5bf8040,0x00000000e5c00000)
  to   space 16896K, 0% used [0x00000000e7c80000,0x00000000e7c80000,0x00000000e8d00000)
 ParOldGen       total 63488K, used 21639K [0x00000000a0000000, 0x00000000a3e00000, 0x00000000e0000000)
  object space 63488K, 34% used [0x00000000a0000000,0x00000000a1521c68,0x00000000a3e00000)
 Metaspace       used 53420K, capacity 58921K, committed 59028K, reserved 1099776K
  class space    used 7544K, capacity 7831K, committed 7936K, reserved 1048576K
}
Event: 6.139 GC heap before
{Heap before GC invocations=12 (full 3):
 PSYoungGen      total 94208K, used 14816K [0x00000000e0000000, 0x00000000e8d00000, 0x0000000100000000)
  eden space 79360K, 0% used [0x00000000e0000000,0x00000000e0000000,0x00000000e4d80000)
  from space 14848K, 99% used [0x00000000e4d80000,0x00000000e5bf8040,0x00000000e5c00000)
  to   space 16896K, 0% used [0x00000000e7c80000,0x00000000e7c80000,0x00000000e8d00000)
 ParOldGen       total 63488K, used 21639K [0x00000000a0000000, 0x00000000a3e00000, 0x00000000e0000000)
  object space 63488K, 34% used [0x00000000a0000000,0x00000000a1521c68,0x00000000a3e00000)
 Metaspace       used 53420K, capacity 58921K, committed 59028K, reserved 1099776K
  class space    used 7544K, capacity 7831K, committed 7936K, reserved 1048576K
Event: 6.269 GC heap after
Heap after GC invocations=12 (full 3):
 PSYoungGen      total 94208K, used 0K [0x00000000e0000000, 0x00000000e8d00000, 0x0000000100000000)
  eden space 79360K, 0% used [0x00000000e0000000,0x00000000e0000000,0x00000000e4d80000)
  from space 14848K, 0% used [0x00000000e4d80000,0x00000000e4d80000,0x00000000e5c00000)
  to   space 16896K, 0% used [0x00000000e7c80000,0x00000000e7c80000,0x00000000e8d00000)
 ParOldGen       total 101888K, used 33205K [0x00000000a0000000, 0x00000000a6380000, 0x00000000e0000000)
  object space 101888K, 32% used [0x00000000a0000000,0x00000000a206d488,0x00000000a6380000)
 Metaspace       used 53415K, capacity 58911K, committed 59028K, reserved 1099776K
  class space    used 7544K, capacity 7829K, committed 7936K, reserved 1048576K
}
Event: 7.528 GC heap before
{Heap before GC invocations=13 (full 3):
 PSYoungGen      total 94208K, used 79360K [0x00000000e0000000, 0x00000000e8d00000, 0x0000000100000000)
  eden space 79360K, 100% used [0x00000000e0000000,0x00000000e4d80000,0x00000000e4d80000)
  from space 14848K, 0% used [0x00000000e4d80000,0x00000000e4d80000,0x00000000e5c00000)
  to   space 16896K, 0% used [0x00000000e7c80000,0x00000000e7c80000,0x00000000e8d00000)
 ParOldGen       total 101888K, used 33205K [0x00000000a0000000, 0x00000000a6380000, 0x00000000e0000000)
  object space 101888K, 32% used [0x00000000a0000000,0x00000000a206d488,0x00000000a6380000)
 Metaspace       used 58605K, capacity 65475K, committed 65792K, reserved 1105920K
  class space    used 8419K, capacity 8835K, committed 8960K, reserved 1048576K
Event: 7.550 GC heap after
Heap after GC invocations=13 (full 3):
 PSYoungGen      total 118272K, used 12661K [0x00000000e0000000, 0x00000000e8980000, 0x0000000100000000)
  eden space 104960K, 0% used [0x00000000e0000000,0x00000000e0000000,0x00000000e6680000)
  from space 13312K, 95% used [0x00000000e7c80000,0x00000000e88dd710,0x00000000e8980000)
  to   space 17920K, 0% used [0x00000000e6680000,0x00000000e6680000,0x00000000e7800000)
 ParOldGen       total 101888K, used 33213K [0x00000000a0000000, 0x00000000a6380000, 0x00000000e0000000)
  object space 101888K, 32% used [0x00000000a0000000,0x00000000a206f488,0x00000000a6380000)
 Metaspace       used 58605K, capacity 65475K, committed 65792K, reserved 1105920K
  class space    used 8419K, capacity 8835K, committed 8960K, reserved 1048576K
}
Event: 46.480 GC heap before
{Heap before GC invocations=14 (full 3):
 PSYoungGen      total 118272K, used 117621K [0x00000000e0000000, 0x00000000e8980000, 0x0000000100000000)
  eden space 104960K, 100% used [0x00000000e0000000,0x00000000e6680000,0x00000000e6680000)
  from space 13312K, 95% used [0x00000000e7c80000,0x00000000e88dd710,0x00000000e8980000)
  to   space 17920K, 0% used [0x00000000e6680000,0x00000000e6680000,0x00000000e7800000)
 ParOldGen       total 101888K, used 33213K [0x00000000a0000000, 0x00000000a6380000, 0x00000000e0000000)
  object space 101888K, 32% used [0x00000000a0000000,0x00000000a206f488,0x00000000a6380000)
 Metaspace       used 64407K, capacity 71621K, committed 71808K, reserved 1112064K
  class space    used 9087K, capacity 9514K, committed 9600K, reserved 1048576K

