# JRE version: Java(TM) SE Runtime Environment (8.0_191-b12) (build 1.8.0_191-b12)
# Java VM: Java HotSpot(TM) 64-Bit Server VM (25.191-b12 mixed mode linux-amd64 compressed oops)
Heap:
 PSYoungGen      total 93184K, used 0K [0x00000000e0000000, 0x00000000e6e80000, 0x0000000100000000)
  eden space 77312K, 0% used [0x00000000e0000000,0x00000000e0000000,0x00000000e4b80000)
  from space 15872K, 0% used [0x00000000e5c80000,0x00000000e5c80000,0x00000000e6c00000)
  to   space 17408K, 0% used [0x00000000e4b80000,0x00000000e4b80000,0x00000000e5c80000)
 ParOldGen       total 78336K, used 32341K [0x00000000a0000000, 0x00000000a4c80000, 0x00000000e0000000)
  object space 78336K, 41% used [0x00000000a0000000,0x00000000a1f95520,0x00000000a4c80000)
 Metaspace       used 53969K, capacity 58841K, committed 59008K, reserved 1099776K
  class space    used 7405K, capacity 7693K, committed 7808K, reserved 1048576K
GC Heap History (10 events):
Event: 8.768 GC heap after
Heap after GC invocations=6 (full 1):
 PSYoungGen      total 52736K, used 3570K [0x00000000e0000000, 0x00000000e4980000, 0x0000000100000000)
  eden space 49152K, 0% used [0x00000000e0000000,0x00000000e0000000,0x00000000e3000000)
  from space 3584K, 99% used [0x00000000e3000000,0x00000000e337c9e8,0x00000000e3380000)
  to   space 9216K, 0% used [0x00000000e4080000,0x00000000e4080000,0x00000000e4980000)
 ParOldGen       total 48640K, used 13968K [0x00000000a0000000, 0x00000000a2f80000, 0x00000000e0000000)
  object space 48640K, 28% used [0x00000000a0000000,0x00000000a0da4278,0x00000000a2f80000)
 Metaspace       used 33751K, capacity 35360K, committed 35416K, reserved 1079296K
  class space    used 4842K, capacity 5067K, committed 5120K, reserved 1048576K
}
Event: 8.768 GC heap before
{Heap before GC invocations=7 (full 2):
 PSYoungGen      total 52736K, used 3570K [0x00000000e0000000, 0x00000000e4980000, 0x0000000100000000)
  eden space 49152K, 0% used [0x00000000e0000000,0x00000000e0000000,0x00000000e3000000)
  from space 3584K, 99% used [0x00000000e3000000,0x00000000e337c9e8,0x00000000e3380000)
  to   space 9216K, 0% used [0x00000000e4080000,0x00000000e4080000,0x00000000e4980000)
 ParOldGen       total 48640K, used 13968K [0x00000000a0000000, 0x00000000a2f80000, 0x00000000e0000000)
  object space 48640K, 28% used [0x00000000a0000000,0x00000000a0da4278,0x00000000a2f80000)
 Metaspace       used 33751K, capacity 35360K, committed 35416K, reserved 1079296K
  class space    used 4842K, capacity 5067K, committed 5120K, reserved 1048576K
Event: 8.873 GC heap after
Heap after GC invocations=7 (full 2):
 PSYoungGen      total 52736K, used 0K [0x00000000e0000000, 0x00000000e4980000, 0x0000000100000000)
  eden space 49152K, 0% used [0x00000000e0000000,0x00000000e0000000,0x00000000e3000000)
  from space 3584K, 0% used [0x00000000e3000000,0x00000000e3000000,0x00000000e3380000)
  to   space 9216K, 0% used [0x00000000e4080000,0x00000000e4080000,0x00000000e4980000)
 ParOldGen       total 78336K, used 13424K [0x00000000a0000000, 0x00000000a4c80000, 0x00000000e0000000)
  object space 78336K, 17% used [0x00000000a0000000,0x00000000a0d1c098,0x00000000a4c80000)
 Metaspace       used 33751K, capacity 35360K, committed 35416K, reserved 1079296K
  class space    used 4842K, capacity 5067K, committed 5120K, reserved 1048576K
}
Event: 10.722 GC heap before
{Heap before GC invocations=8 (full 2):
 PSYoungGen      total 52736K, used 49152K [0x00000000e0000000, 0x00000000e4980000, 0x0000000100000000)
  eden space 49152K, 100% used [0x00000000e0000000,0x00000000e3000000,0x00000000e3000000)
  from space 3584K, 0% used [0x00000000e3000000,0x00000000e3000000,0x00000000e3380000)
  to   space 9216K, 0% used [0x00000000e4080000,0x00000000e4080000,0x00000000e4980000)
 ParOldGen       total 78336K, used 13424K [0x00000000a0000000, 0x00000000a4c80000, 0x00000000e0000000)
  object space 78336K, 17% used [0x00000000a0000000,0x00000000a0d1c098,0x00000000a4c80000)
 Metaspace       used 40607K, capacity 43318K, committed 43520K, reserved 1087488K
  class space    used 5789K, capacity 6023K, committed 6144K, reserved 1048576K
Event: 10.730 GC heap after
Heap after GC invocations=8 (full 2):
 PSYoungGen      total 66560K, used 6159K [0x00000000e0000000, 0x00000000e5180000, 0x0000000100000000)
  eden space 57344K, 0% used [0x00000000e0000000,0x00000000e0000000,0x00000000e3800000)
  from space 9216K, 66% used [0x00000000e4080000,0x00000000e4683f50,0x00000000e4980000)
  to   space 8704K, 0% used [0x00000000e3800000,0x00000000e3800000,0x00000000e4080000)
 ParOldGen       total 78336K, used 13432K [0x00000000a0000000, 0x00000000a4c80000, 0x00000000e0000000)
  object space 78336K, 17% used [0x00000000a0000000,0x00000000a0d1e098,0x00000000a4c80000)
 Metaspace       used 40607K, capacity 43318K, committed 43520K, reserved 1087488K
  class space    used 5789K, capacity 6023K, committed 6144K, reserved 1048576K
}
Event: 12.269 GC heap before
{Heap before GC invocations=9 (full 2):
 PSYoungGen      total 66560K, used 63503K [0x00000000e0000000, 0x00000000e5180000, 0x0000000100000000)
  eden space 57344K, 100% used [0x00000000e0000000,0x00000000e3800000,0x00000000e3800000)
  from space 9216K, 66% used [0x00000000e4080000,0x00000000e4683f50,0x00000000e4980000)
  to   space 8704K, 0% used [0x00000000e3800000,0x00000000e3800000,0x00000000e4080000)
 ParOldGen       total 78336K, used 13432K [0x00000000a0000000, 0x00000000a4c80000, 0x00000000e0000000)
  object space 78336K, 17% used [0x00000000a0000000,0x00000000a0d1e098,0x00000000a4c80000)
 Metaspace       used 47177K, capacity 50189K, committed 50432K, reserved 1093632K
  class space    used 6394K, capacity 6643K, committed 6656K, reserved 1048576K
Event: 12.292 GC heap after
Heap after GC invocations=9 (full 2):
 PSYoungGen      total 66048K, used 8686K [0x00000000e0000000, 0x00000000e6c00000, 0x0000000100000000)
  eden space 57344K, 0% used [0x00000000e0000000,0x00000000e0000000,0x00000000e3800000)
  from space 8704K, 99% used [0x00000000e3800000,0x00000000e407b950,0x00000000e4080000)
  to   space 15872K, 0% used [0x00000000e5c80000,0x00000000e5c80000,0x00000000e6c00000)
 ParOldGen       total 78336K, used 26260K [0x00000000a0000000, 0x00000000a4c80000, 0x00000000e0000000)
  object space 78336K, 33% used [0x00000000a0000000,0x00000000a19a5130,0x00000000a4c80000)
 Metaspace       used 47177K, capacity 50189K, committed 50432K, reserved 1093632K
  class space    used 6394K, capacity 6643K, committed 6656K, reserved 1048576K
}
Event: 17.955 GC heap before
{Heap before GC invocations=10 (full 2):
 PSYoungGen      total 66048K, used 50132K [0x00000000e0000000, 0x00000000e6c00000, 0x0000000100000000)
  eden space 57344K, 72% used [0x00000000e0000000,0x00000000e2879a98,0x00000000e3800000)
  from space 8704K, 99% used [0x00000000e3800000,0x00000000e407b950,0x00000000e4080000)
  to   space 15872K, 0% used [0x00000000e5c80000,0x00000000e5c80000,0x00000000e6c00000)
 ParOldGen       total 78336K, used 26260K [0x00000000a0000000, 0x00000000a4c80000, 0x00000000e0000000)
  object space 78336K, 33% used [0x00000000a0000000,0x00000000a19a5130,0x00000000a4c80000)
 Metaspace       used 53969K, capacity 58841K, committed 59008K, reserved 1099776K
  class space    used 7405K, capacity 7693K, committed 7808K, reserved 1048576K
Event: 18.242 GC heap after
Heap after GC invocations=10 (full 2):
 PSYoungGen      total 93184K, used 13472K [0x00000000e0000000, 0x00000000e6e80000, 0x0000000100000000)
  eden space 77312K, 0% used [0x00000000e0000000,0x00000000e0000000,0x00000000e4b80000)
  from space 15872K, 84% used [0x00000000e5c80000,0x00000000e69a8190,0x00000000e6c00000)
  to   space 17408K, 0% used [0x00000000e4b80000,0x00000000e4b80000,0x00000000e5c80000)
 ParOldGen       total 78336K, used 26268K [0x00000000a0000000, 0x00000000a4c80000, 0x00000000e0000000)
  object space 78336K, 33% used [0x00000000a0000000,0x00000000a19a7130,0x00000000a4c80000)
 Metaspace       used 53969K, capacity 58841K, committed 59008K, reserved 1099776K
  class space    used 7405K, capacity 7693K, committed 7808K, reserved 1048576K
}
Event: 18.279 GC heap before
{Heap before GC invocations=11 (full 3):
 PSYoungGen      total 93184K, used 13472K [0x00000000e0000000, 0x00000000e6e80000, 0x0000000100000000)
  eden space 77312K, 0% used [0x00000000e0000000,0x00000000e0000000,0x00000000e4b80000)
  from space 15872K, 84% used [0x00000000e5c80000,0x00000000e69a8190,0x00000000e6c00000)
  to   space 17408K, 0% used [0x00000000e4b80000,0x00000000e4b80000,0x00000000e5c80000)
 ParOldGen       total 78336K, used 26268K [0x00000000a0000000, 0x00000000a4c80000, 0x00000000e0000000)
  object space 78336K, 33% used [0x00000000a0000000,0x00000000a19a7130,0x00000000a4c80000)
 Metaspace       used 53969K, capacity 58841K, committed 59008K, reserved 1099776K
  class space    used 7405K, capacity 7693K, committed 7808K, reserved 1048576K

